# JRE version: Java(TM) SE Runtime Environment (15.0.2+7) (build 15.0.2+7-27)
# Java VM: Java HotSpot(TM) 64-Bit Server VM (15.0.2+7-27, mixed mode, sharing, tiered, compressed oops, g1 gc, windows-amd64)
GC Precious Log:
 CPUs: 16 total, 16 available
 Memory: 32693M
 Large Page Support: Disabled
 NUMA Support: Disabled
 Compressed Oops: Enabled (Zero based)
 Heap Region Size: 4M
 Heap Min Capacity: 8M
 Heap Initial Capacity: 512M
 Heap Max Capacity: 8176M
 Pre-touch: Disabled
 Parallel Workers: 13
 Concurrent Workers: 3
 Concurrent Refinement Workers: 13
 Periodic GC: Disabled
Heap:
 garbage-first heap   total 3747840K, used 1219852K [0x0000000601000000, 0x0000000800000000)
  region size 4096K, 3 young (12288K), 3 survivors (12288K)
 Metaspace       used 3131K, capacity 4873K, committed 5120K, reserved 1056768K
  class space    used 277K, capacity 430K, committed 512K, reserved 1048576K
GC Heap History (20 events):
Event: 2.664 GC heap after
{Heap after GC invocations=4 (full 0):
 garbage-first heap   total 532480K, used 314319K [0x0000000601000000, 0x0000000800000000)
  region size 4096K, 2 young (8192K), 2 survivors (8192K)
 Metaspace       used 3131K, capacity 4873K, committed 5120K, reserved 1056768K
  class space    used 277K, capacity 430K, committed 512K, reserved 1048576K
}
Event: 2.690 GC heap before
{Heap before GC invocations=4 (full 0):
 garbage-first heap   total 532480K, used 355279K [0x0000000601000000, 0x0000000800000000)
  region size 4096K, 6 young (24576K), 2 survivors (8192K)
 Metaspace       used 3131K, capacity 4873K, committed 5120K, reserved 1056768K
  class space    used 277K, capacity 430K, committed 512K, reserved 1048576K
}
Event: 2.701 GC heap after
{Heap after GC invocations=5 (full 0):
 garbage-first heap   total 532480K, used 357388K [0x0000000601000000, 0x0000000800000000)
  region size 4096K, 1 young (4096K), 1 survivors (4096K)
 Metaspace       used 3131K, capacity 4873K, committed 5120K, reserved 1056768K
  class space    used 277K, capacity 430K, committed 512K, reserved 1048576K
}
Event: 2.721 GC heap before
{Heap before GC invocations=5 (full 0):
 garbage-first heap   total 532480K, used 377868K [0x0000000601000000, 0x0000000800000000)
  region size 4096K, 6 young (24576K), 1 survivors (4096K)
 Metaspace       used 3131K, capacity 4873K, committed 5120K, reserved 1056768K
  class space    used 277K, capacity 430K, committed 512K, reserved 1048576K
}
Event: 2.733 GC heap after
{Heap after GC invocations=6 (full 0):
 garbage-first heap   total 946176K, used 380928K [0x0000000601000000, 0x0000000800000000)
  region size 4096K, 1 young (4096K), 1 survivors (4096K)
 Metaspace       used 3131K, capacity 4873K, committed 5120K, reserved 1056768K
  class space    used 277K, capacity 430K, committed 512K, reserved 1048576K
}
Event: 2.789 GC heap before
{Heap before GC invocations=6 (full 0):
 garbage-first heap   total 946176K, used 385024K [0x0000000601000000, 0x0000000800000000)
  region size 4096K, 11 young (45056K), 1 survivors (4096K)
 Metaspace       used 3131K, capacity 4873K, committed 5120K, reserved 1056768K
  class space    used 277K, capacity 430K, committed 512K, reserved 1048576K
}
Event: 2.804 GC heap after
{Heap after GC invocations=7 (full 0):
 garbage-first heap   total 946176K, used 387069K [0x0000000601000000, 0x0000000800000000)
  region size 4096K, 2 young (8192K), 2 survivors (8192K)
 Metaspace       used 3131K, capacity 4873K, committed 5120K, reserved 1056768K
  class space    used 277K, capacity 430K, committed 512K, reserved 1048576K
}
Event: 2.979 GC heap before
{Heap before GC invocations=8 (full 0):
 garbage-first heap   total 946176K, used 563197K [0x0000000601000000, 0x0000000800000000)
  region size 4096K, 36 young (147456K), 2 survivors (8192K)
 Metaspace       used 3131K, capacity 4873K, committed 5120K, reserved 1056768K
  class space    used 277K, capacity 430K, committed 512K, reserved 1048576K
}
Event: 3.022 GC heap after
{Heap after GC invocations=9 (full 0):
 garbage-first heap   total 946176K, used 565248K [0x0000000601000000, 0x0000000800000000)
  region size 4096K, 5 young (20480K), 5 survivors (20480K)
 Metaspace       used 3131K, capacity 4873K, committed 5120K, reserved 1056768K
  class space    used 277K, capacity 430K, committed 512K, reserved 1048576K
}
Event: 3.046 GC heap before
{Heap before GC invocations=9 (full 0):
 garbage-first heap   total 946176K, used 593920K [0x0000000601000000, 0x0000000800000000)
  region size 4096K, 12 young (49152K), 5 survivors (20480K)
 Metaspace       used 3131K, capacity 4873K, committed 5120K, reserved 1056768K
  class space    used 277K, capacity 430K, committed 512K, reserved 1048576K
}
Event: 3.064 GC heap after
{Heap after GC invocations=10 (full 0):
 garbage-first heap   total 946176K, used 602112K [0x0000000601000000, 0x0000000800000000)
  region size 4096K, 2 young (8192K), 2 survivors (8192K)
 Metaspace       used 3131K, capacity 4873K, committed 5120K, reserved 1056768K
  class space    used 277K, capacity 430K, committed 512K, reserved 1048576K
}
Event: 3.153 GC heap before
{Heap before GC invocations=10 (full 0):
 garbage-first heap   total 946176K, used 675840K [0x0000000601000000, 0x0000000800000000)
  region size 4096K, 20 young (81920K), 2 survivors (8192K)
 Metaspace       used 3131K, capacity 4873K, committed 5120K, reserved 1056768K
  class space    used 277K, capacity 430K, committed 512K, reserved 1048576K
}
Event: 3.180 GC heap after
{Heap after GC invocations=11 (full 0):
 garbage-first heap   total 1531904K, used 680801K [0x0000000601000000, 0x0000000800000000)
  region size 4096K, 3 young (12288K), 3 survivors (12288K)
 Metaspace       used 3131K, capacity 4873K, committed 5120K, reserved 1056768K
  class space    used 277K, capacity 430K, committed 512K, reserved 1048576K
}
Event: 3.514 GC heap before
{Heap before GC invocations=12 (full 0):
 garbage-first heap   total 1531904K, used 910177K [0x0000000601000000, 0x0000000800000000)
  region size 4096K, 55 young (225280K), 3 survivors (12288K)
 Metaspace       used 3131K, capacity 4873K, committed 5120K, reserved 1056768K
  class space    used 277K, capacity 430K, committed 512K, reserved 1048576K
}
Event: 3.574 GC heap after
{Heap after GC invocations=13 (full 0):
 garbage-first heap   total 1531904K, used 913366K [0x0000000601000000, 0x0000000800000000)
  region size 4096K, 7 young (28672K), 7 survivors (28672K)
 Metaspace       used 3131K, capacity 4873K, committed 5120K, reserved 1056768K
  class space    used 277K, capacity 430K, committed 512K, reserved 1048576K
}
Event: 3.634 GC heap before
{Heap before GC invocations=13 (full 0):
 garbage-first heap   total 1531904K, used 966614K [0x0000000601000000, 0x0000000800000000)
  region size 4096K, 20 young (81920K), 7 survivors (28672K)
 Metaspace       used 3131K, capacity 4873K, committed 5120K, reserved 1056768K
  class space    used 277K, capacity 430K, committed 512K, reserved 1048576K
}
Event: 3.657 GC heap after
{Heap after GC invocations=14 (full 0):
 garbage-first heap   total 1531904K, used 978944K [0x0000000601000000, 0x0000000800000000)
  region size 4096K, 3 young (12288K), 3 survivors (12288K)
 Metaspace       used 3131K, capacity 4873K, committed 5120K, reserved 1056768K
  class space    used 277K, capacity 430K, committed 512K, reserved 1048576K
}
Event: 3.834 GC heap before
{Heap before GC invocations=14 (full 0):
 garbage-first heap   total 1531904K, used 1179648K [0x0000000601000000, 0x0000000800000000)
  region size 4096K, 32 young (131072K), 3 survivors (12288K)
 Metaspace       used 3131K, capacity 4873K, committed 5120K, reserved 1056768K
  class space    used 277K, capacity 430K, committed 512K, reserved 1048576K
}
Event: 3.873 GC heap after
{Heap after GC invocations=15 (full 0):
 garbage-first heap   total 1531904K, used 1190690K [0x0000000601000000, 0x0000000800000000)
  region size 4096K, 4 young (16384K), 4 survivors (16384K)
 Metaspace       used 3131K, capacity 4873K, committed 5120K, reserved 1056768K
  class space    used 277K, capacity 430K, committed 512K, reserved 1048576K
}
Event: 3.932 GC heap before
{Heap before GC invocations=15 (full 0):
 garbage-first heap   total 2015232K, used 1211170K [0x0000000601000000, 0x0000000800000000)
  region size 4096K, 18 young (73728K), 4 survivors (16384K)
 Metaspace       used 3131K, capacity 4873K, committed 5120K, reserved 1056768K
  class space    used 277K, capacity 430K, committed 512K, reserved 1048576K
}

